1.bat => 1.bat
aTCV_effects_I_english.ymlextension => aTCV_effects_I_english.yml
aTCV_equipment_l_simp_chinese.ymlextension => aTCV_equipment_l_simp_chinese.yml
aTCV_GERevents_l_simp_chinese.ymlextension => aTCV_GERevents_l_simp_chinese.yml
aTCV_GERzzfocus_l_simp_chinese.ymlextension => aTCV_GERzzfocus_l_simp_chinese.yml
aTCV_GER_decisions_l_simp_chinese.ymlextension => aTCV_GER_decisions_l_simp_chinese.yml
aTCV_ideas_I_english.ymlextension => aTCV_ideas_I_english.yml
aTCV_ITAevents_l_simp_chinese.ymlextension => aTCV_ITAevents_l_simp_chinese.yml
aTCV_ITA_decisions_l_simp_chinese.ymlextension => aTCV_ITA_decisions_l_simp_chinese.yml
aTCV_ITA_leaders_l_simp_chinese.ymlextension => aTCV_ITA_leaders_l_simp_chinese.yml
aTCV_ITA_l_simp_chinese.ymlextension => aTCV_ITA_l_simp_chinese.yml
aTCV_RUSzzfocus.ymlextension => aTCV_RUSzzfocus.yml
aTCV_r_countries_l_simp_chinese.ymlextension => aTCV_r_countries_l_simp_chinese.yml
aTCV_state_names_l_simp_chinese.ymlextension => aTCV_state_names_l_simp_chinese.yml
aTCV_victory_points_l_simp_chinese.ymlextension => aTCV_victory_points_l_simp_chinese.yml
r_abilities_l_simp_chinese.ymlextension => r_abilities_l_simp_chinese.yml
r_achievements_l_simp_chinese.ymlextension => r_achievements_l_simp_chinese.yml
r_adjacency_rules_l_simp_chinese.ymlextension => r_adjacency_rules_l_simp_chinese.yml
r_air_l_simp_chinese.ymlextension => r_air_l_simp_chinese.yml
r_alerts_l_simp_chinese.ymlextension => r_alerts_l_simp_chinese.yml
r_alliedradio_l_simp_chinese.ymlextension => r_alliedradio_l_simp_chinese.yml
r_allied_speeches_l_simp_chinese.ymlextension => r_allied_speeches_l_simp_chinese.yml
r_army_l_simp_chinese.ymlextension => r_army_l_simp_chinese.yml
r_autonomy_l_simp_chinese.ymlextension => r_autonomy_l_simp_chinese.yml
r_bftb_decisions_l_simp_chinese.ymlextension => r_bftb_decisions_l_simp_chinese.yml
r_bftb_events_l_simp_chinese.ymlextension => r_bftb_events_l_simp_chinese.yml
r_bftb_focus_l_simp_chinese.ymlextension => r_bftb_focus_l_simp_chinese.yml
r_bftb_ideas_l_simp_chinese.ymlextension => r_bftb_ideas_l_simp_chinese.yml
r_bftb_music_l_simp_chinese.ymlextension => r_bftb_music_l_simp_chinese.yml
r_bookmarks_l_simp_chinese.ymlextension => r_bookmarks_l_simp_chinese.yml
r_buildings_l_simp_chinese.ymlextension => r_buildings_l_simp_chinese.yml
r_chat_l_simp_chinese.ymlextension => r_chat_l_simp_chinese.yml
r_combat_l_simp_chinese.ymlextension => r_combat_l_simp_chinese.yml
r_constructions_l_simp_chinese.ymlextension => r_constructions_l_simp_chinese.yml
r_core_l_englishextension => r_core_l_english.txt
r_core_l_simp_chinese.ymlextension => r_core_l_simp_chinese.yml
r_countries_cosmetic_l_simp_chinese.ymlextension => r_countries_cosmetic_l_simp_chinese.yml
r_country_l_simp_chinese.ymlextension => r_country_l_simp_chinese.yml
r_decisions_l_simp_chinese.ymlextension => r_decisions_l_simp_chinese.yml
r_deployment_l_simp_chinese.ymlextension => r_deployment_l_simp_chinese.yml
r_designer_l_simp_chinese.ymlextension => r_designer_l_simp_chinese.yml
r_difficulty_l_simp_chinese.ymlextension => r_difficulty_l_simp_chinese.yml
r_diplomacy_l_simp_chinese.ymlextension => r_diplomacy_l_simp_chinese.yml
r_dlc019_l_simp_chinese.ymlextension => r_dlc019_l_simp_chinese.yml
r_dod_decisions_l_simp_chinese.ymlextension => r_dod_decisions_l_simp_chinese.yml
r_dod_events_l_simp_chinese.ymlextension => r_dod_events_l_simp_chinese.yml
r_dod_focus_l_simp_chinese.ymlextension => r_dod_focus_l_simp_chinese.yml
r_dod_ideas_l_simp_chinese.ymlextension => r_dod_ideas_l_simp_chinese.yml
r_effects_l_simp_chinese.ymlextension => r_effects_l_simp_chinese.yml
r_equip_air_l_simp_chinese.ymlextension => r_equip_air_l_simp_chinese.yml
r_equip_naval_l_simp_chinese.ymlextension => r_equip_naval_l_simp_chinese.yml
r_factions_l_simp_chinese.ymlextension => r_factions_l_simp_chinese.yml
r_focus_filter_tag_l_simp_chinese.ymlextension => r_focus_filter_tag_l_simp_chinese.yml
r_focus_l_simp_chinese.ymlextension => r_focus_l_simp_chinese.yml
r_frontend_l_simp_chinese.ymlextension => r_frontend_l_simp_chinese.yml
r_game_rules_l_simp_chinese.ymlextension => r_game_rules_l_simp_chinese.yml
r_germanmarchorder_l_simp_chinese.ymlextension => r_germanmarchorder_l_simp_chinese.yml
r_goals_l_simp_chinese.ymlextension => r_goals_l_simp_chinese.yml
r_government_in_exile_l_simp_chinese.ymlextension => r_government_in_exile_l_simp_chinese.yml
r_ideas_l_simp_chinese.ymlextension => r_ideas_l_simp_chinese.yml
r_intel_ledger_l_simp_chinese.ymlextension => r_intel_ledger_l_simp_chinese.yml
r_lar_decisions_l_simp_chinese.ymlextension => r_lar_decisions_l_simp_chinese.yml
r_lar_events_l_simp_chinese.ymlextension => r_lar_events_l_simp_chinese.yml
r_lar_focus_l_simp_chinese.ymlextension => r_lar_focus_l_simp_chinese.yml
r_lar_ideas_l_simp_chinese.ymlextension => r_lar_ideas_l_simp_chinese.yml
r_lar_operations_l_simp_chinese.ymlextension => r_lar_operations_l_simp_chinese.yml
r_la_resistance_music_l_simp_chinese.ymlextension => r_la_resistance_music_l_simp_chinese.yml
r_la_resistance_preorder_bonus_l_simp_chinese.ymlextension => r_la_resistance_preorder_bonus_l_simp_chinese.yml
r_loading_tips_l_simp_chinese.ymlextension => r_loading_tips_l_simp_chinese.yml
r_logistics_l_simp_chinese.ymlextension => r_logistics_l_simp_chinese.yml
r_mantheguns_music_l_simp_chinese.ymlextension => r_mantheguns_music_l_simp_chinese.yml
r_mapmode_l_simp_chinese.ymlextension => r_mapmode_l_simp_chinese.yml
r_modifiers_l_simp_chinese.ymlextension => r_modifiers_l_simp_chinese.yml
r_mtg_decisions_l_simp_chinese.ymlextension => r_mtg_decisions_l_simp_chinese.yml
r_mtg_events_l_simp_chinese.ymlextension => r_mtg_events_l_simp_chinese.yml
r_mtg_focus_l_simp_chinese.ymlextension => r_mtg_focus_l_simp_chinese.yml
r_mtg_ideas_l_simp_chinese.ymlextension => r_mtg_ideas_l_simp_chinese.yml
r_multiplayer_l_simp_chinese.ymlextension => r_multiplayer_l_simp_chinese.yml
r_musicplayer_l_simp_chinese.ymlextension => r_musicplayer_l_simp_chinese.yml
r_music_l_simp_chinese.ymlextension => r_music_l_simp_chinese.yml
r_names_l_simp_chinese.ymlextension => r_names_l_simp_chinese.yml
r_nazi_event_text_l_simp_chinese.ymlextension => r_nazi_event_text_l_simp_chinese.yml
r_no_translation_required_l_simp_chinese.ymlextension => r_no_translation_required_l_simp_chinese.yml
r_nsb_characters_l_simp_chinese.ymlextension => r_nsb_characters_l_simp_chinese.yml
r_nsb_decisions_l_simp_chinese.ymlextension => r_nsb_decisions_l_simp_chinese.yml
r_nsb_events_l_simp_chinese.ymlextension => r_nsb_events_l_simp_chinese.yml
r_nsb_focus_l_simp_chinese.ymlextension => r_nsb_focus_l_simp_chinese.yml
r_nsb_ideas_l_simp_chinese.ymlextension => r_nsb_ideas_l_simp_chinese.yml
r_nsb_music_l_simp_chinese.ymlextension => r_nsb_music_l_simp_chinese.yml
r_nudge_l_simp_chinese.ymlextension => r_nudge_l_simp_chinese.yml
r_operatives_l_simp_chinese.ymlextension => r_operatives_l_simp_chinese.yml
r_parties_l_simp_chinese.ymlextension => r_parties_l_simp_chinese.yml
r_pdxonline_l_simp_chinese.ymlextension => r_pdxonline_l_simp_chinese.yml
r_peace_l_simp_chinese.ymlextension => r_peace_l_simp_chinese.yml
r_poland_dlc_decisions_l_simp_chinese.ymlextension => r_poland_dlc_decisions_l_simp_chinese.yml
r_poland_dlc_events_l_simp_chinese.ymlextension => r_poland_dlc_events_l_simp_chinese.yml
r_poland_dlc_focus_l_simp_chinese.ymlextension => r_poland_dlc_focus_l_simp_chinese.yml
r_politics_l_simp_chinese.ymlextension => r_politics_l_simp_chinese.yml
r_POL_equipment_l_simp_chinese.ymlextension => r_POL_equipment_l_simp_chinese.yml
r_popserror_l_simp_chinese.ymlextension => r_popserror_l_simp_chinese.yml
r_production_l_simp_chinese.ymlextension => r_production_l_simp_chinese.yml
r_province_names_l_simp_chinese.ymlextension => r_province_names_l_simp_chinese.yml
r_radio_pack_soundtrack_l_simp_chinese.ymlextension => r_radio_pack_soundtrack_l_simp_chinese.yml
r_ranks_l_simp_chinese.ymlextension => r_ranks_l_simp_chinese.yml
r_research_l_simp_chinese.ymlextension => r_research_l_simp_chinese.yml
r_resistance_and_occupation_l_simp_chinese.ymlextension => r_resistance_and_occupation_l_simp_chinese.yml
r_richpresence_l_simp_chinese.ymlextension => r_richpresence_l_simp_chinese.yml
r_rules_l_simp_chinese.ymlextension => r_rules_l_simp_chinese.yml
r_sabatonsoundtrack_l_simp_chinese.ymlextension => r_sabatonsoundtrack_l_simp_chinese.yml
r_scripted_triggers_l_simp_chinese.ymlextension => r_scripted_triggers_l_simp_chinese.yml
r_ship_modules_l_simp_chinese.ymlextension => r_ship_modules_l_simp_chinese.yml
r_social_gui_l_simp_chinese.ymlextension => r_social_gui_l_simp_chinese.yml
r_songs_of_the_eastern_front_l_simp_chinese.ymlextension => r_songs_of_the_eastern_front_l_simp_chinese.yml
r_state_l_simp_chinese.ymlextension => r_state_l_simp_chinese.yml
r_stats_l_simp_chinese.ymlextension => r_stats_l_simp_chinese.yml
r_strategic_region_names_l_simp_chinese.ymlextension => r_strategic_region_names_l_simp_chinese.yml
r_subscription_l_simp_chinese.ymlextension => r_subscription_l_simp_chinese.yml
r_supply_area_names_l_simp_chinese.ymlextension => r_supply_area_names_l_simp_chinese.yml
r_tactics_l_simp_chinese.ymlextension => r_tactics_l_simp_chinese.yml
r_tank_modules_l_simp_chinese.ymlextension => r_tank_modules_l_simp_chinese.yml
r_technology_sharing_l_simp_chinese.ymlextension => r_technology_sharing_l_simp_chinese.yml
r_terrain_l_simp_chinese.ymlextension => r_terrain_l_simp_chinese.yml
r_tfv_events_l_simp_chinese.ymlextension => r_tfv_events_l_simp_chinese.yml
r_theater_l_simp_chinese.ymlextension => r_theater_l_simp_chinese.yml
r_togetherforvictory_music_l_simp_chinese.ymlextension => r_togetherforvictory_music_l_simp_chinese.yml
r_topbar_l_simp_chinese.ymlextension => r_topbar_l_simp_chinese.yml
r_trade_l_simp_chinese.ymlextension => r_trade_l_simp_chinese.yml
r_traits_l_simp_chinese.ymlextension => r_traits_l_simp_chinese.yml
r_triggers_l_simp_chinese.ymlextension => r_triggers_l_simp_chinese.yml
r_tutorial_l_simp_chinese.ymlextension => r_tutorial_l_simp_chinese.yml
r_unit_l_simp_chinese.ymlextension => r_unit_l_simp_chinese.yml
r_videos_l_simp_chinese.ymlextension => r_videos_l_simp_chinese.yml
r_wakingthetiger_music_l_simp_chinese.ymlextension => r_wakingthetiger_music_l_simp_chinese.yml
r_waroverview_l_simp_chinese.ymlextension => r_waroverview_l_simp_chinese.yml
r_war_l_simp_chinese.ymlextension => r_war_l_simp_chinese.yml
r_wtt_border_conflict_l_simp_chinese.ymlextension => r_wtt_border_conflict_l_simp_chinese.yml
r_wtt_decisions_l_simp_chinese.ymlextension => r_wtt_decisions_l_simp_chinese.yml
r_wtt_events_l_simp_chinese.ymlextension => r_wtt_events_l_simp_chinese.yml
r_wtt_focus_l_simp_chinese.ymlextension => r_wtt_focus_l_simp_chinese.yml
r_wtt_ideas_l_simp_chinese.ymlextension => r_wtt_ideas_l_simp_chinese.yml
r_wtt_infiltration_l_simp_chinese.ymlextension => r_wtt_infiltration_l_simp_chinese.yml
r_wtt_political_power_struggle_l_simp_chinese.ymlextension => r_wtt_political_power_struggle_l_simp_chinese.yml
r_wtt_ss_recruitment_l_simp_chinese.ymlextension => r_wtt_ss_recruitment_l_simp_chinese.yml
_dod_music_l_simp_chinese.ymlextension => _dod_music_l_simp_chinese.yml
_missing_entries_l_simp_chinese.ymlextension => _missing_entries_l_simp_chinese.yml